Already up to date.
[+] Running 5/5
 ✔ Container judge0-db-1       Removed                                                                       0.2s
 ✔ Container judge0-server-1   Removed                                                                      10.4s
 ✔ Container judge0-redis-1    Removed                                                                       0.2s
 ✔ Container judge0-workers-1  Removed                                                                       1.3s
 ✔ Network judge0_default      Removed                                                                       0.1s
[+] Running 5/5
 ✔ Network judge0_default      Created                                                                       0.1s
 ✔ Container judge0-server-1   Started                                                                       0.6s
 ✔ Container judge0-workers-1  Started                                                                       0.5s
 ✔ Container judge0-db-1       Started                                                                       0.5s
 ✔ Container judge0-redis-1    Started                                                                       0.4s
workers-1  | declare -x ALLOWED_LANGUAGES_FOR_COMPILER_OPTIONS=""
workers-1  | declare -x ALLOW_ENABLE_NETWORK=""
workers-1  | declare -x ALLOW_ENABLE_PER_PROCESS_AND_THREAD_MEMORY_LIMIT=""
workers-1  | declare -x ALLOW_ENABLE_PER_PROCESS_AND_THREAD_TIME_LIMIT=""
workers-1  | declare -x ALLOW_IP=""
workers-1  | declare -x ALLOW_ORIGIN=""
workers-1  | declare -x AUTHN_HEADER="X-Auth-Token"
workers-1  | declare -x AUTHN_TOKEN=""
workers-1  | declare -x AUTHZ_HEADER="X-Auth-User"
workers-1  | declare -x AUTHZ_TOKEN=""
workers-1  | declare -x BASH_VERSIONS="5.0"
workers-1  | declare -x BOX_ROOT="/var/local/lib/isolate"
workers-1  | declare -x CALLBACKS_MAX_TRIES=""
workers-1  | declare -x CALLBACKS_TIMEOUT=""
workers-1  | declare -x CLOJURE_VERSION="1.10.1"
workers-1  | declare -x COBOL_VERSIONS="2.2"
workers-1  | declare -x COUNT="8"
workers-1  | declare -x CPU_EXTRA_TIME=""
workers-1  | declare -x CPU_TIME_LIMIT=""
workers-1  | declare -x DISABLE_DATABASE_ENVIRONMENT_CHECK="1"
workers-1  | declare -x DISALLOW_IP=""
workers-1  | declare -x DISALLOW_ORIGIN=""
workers-1  | declare -x D_VERSIONS="2.089.1"
workers-1  | declare -x ELIXIR_VERSIONS="1.9.4"
workers-1  | declare -x ENABLE_ADDITIONAL_FILES=""
workers-1  | declare -x ENABLE_BATCHED_SUBMISSIONS=""
workers-1  | declare -x ENABLE_CALLBACKS=""
workers-1  | declare -x ENABLE_COMMAND_LINE_ARGUMENTS=""
workers-1  | declare -x ENABLE_COMPILER_OPTIONS=""
workers-1  | declare -x ENABLE_NETWORK=""
workers-1  | declare -x ENABLE_PER_PROCESS_AND_THREAD_MEMORY_LIMIT=""
workers-1  | declare -x ENABLE_PER_PROCESS_AND_THREAD_TIME_LIMIT=""
workers-1  | declare -x ENABLE_SUBMISSION_DELETE=""
workers-1  | declare -x ENABLE_WAIT_RESULT=""
workers-1  | declare -x ERLANG_VERSIONS="22.2"
server-1   | declare -x ALLOWED_LANGUAGES_FOR_COMPILER_OPTIONS=""
server-1   | declare -x ALLOW_ENABLE_NETWORK=""
server-1   | declare -x ALLOW_ENABLE_PER_PROCESS_AND_THREAD_MEMORY_LIMIT=""
server-1   | declare -x ALLOW_ENABLE_PER_PROCESS_AND_THREAD_TIME_LIMIT=""
server-1   | declare -x ALLOW_IP=""
server-1   | declare -x ALLOW_ORIGIN=""
server-1   | declare -x AUTHN_HEADER="X-Auth-Token"
server-1   | declare -x AUTHN_TOKEN=""
server-1   | declare -x AUTHZ_HEADER="X-Auth-User"
server-1   | declare -x AUTHZ_TOKEN=""
server-1   | declare -x BASH_VERSIONS="5.0"
server-1   | declare -x BOX_ROOT="/var/local/lib/isolate"
server-1   | declare -x CALLBACKS_MAX_TRIES=""
server-1   | declare -x CALLBACKS_TIMEOUT=""
server-1   | declare -x CLOJURE_VERSION="1.10.1"
server-1   | declare -x COBOL_VERSIONS="2.2"
server-1   | declare -x COUNT="8"
server-1   | declare -x CPU_EXTRA_TIME=""
server-1   | declare -x CPU_TIME_LIMIT=""
server-1   | declare -x DISABLE_DATABASE_ENVIRONMENT_CHECK="1"
server-1   | declare -x DISALLOW_IP=""
server-1   | declare -x DISALLOW_ORIGIN=""
server-1   | declare -x D_VERSIONS="2.089.1"
server-1   | declare -x ELIXIR_VERSIONS="1.9.4"
server-1   | declare -x ENABLE_ADDITIONAL_FILES=""
server-1   | declare -x ENABLE_BATCHED_SUBMISSIONS=""
server-1   | declare -x ENABLE_CALLBACKS=""
server-1   | declare -x ENABLE_COMMAND_LINE_ARGUMENTS=""
server-1   | declare -x ENABLE_COMPILER_OPTIONS=""
server-1   | declare -x ENABLE_NETWORK=""
server-1   | declare -x ENABLE_PER_PROCESS_AND_THREAD_MEMORY_LIMIT=""
server-1   | declare -x ENABLE_PER_PROCESS_AND_THREAD_TIME_LIMIT=""
server-1   | declare -x ENABLE_SUBMISSION_DELETE=""
server-1   | declare -x ENABLE_WAIT_RESULT=""
server-1   | declare -x ERLANG_VERSIONS="22.2"
server-1   | declare -x FBC_VERSIONS="1.07.1"
server-1   | declare -x FPC_VERSIONS="3.0.4"
server-1   | declare -x GCC_VERSIONS="7.4.0       8.3.0       9.2.0"
server-1   | declare -x GEM_HOME="/opt/.gem/"
server-1   | declare -x GO_VERSIONS="1.13.5"
server-1   | declare -x GPROLOG_VERSIONS="1.4.5"
server-1   | declare -x HASKELL_VERSIONS="8.8.1"
server-1   | declare -x HOME="/home/judge0"
server-1   | declare -x HOSTNAME="e680e1705876"
server-1   | declare -x INTERVAL="0.1"
server-1   | declare -x JUDGE0_HOMEPAGE="https://judge0.com"
server-1   | declare -x JUDGE0_MAINTAINER="Herman Zvonimir Došilović <hermanz.dosilovic@gmail.com>"
server-1   | declare -x JUDGE0_SOURCE_CODE="https://github.com/judge0/judge0"
server-1   | declare -x JUDGE0_TELEMETRY_ENABLE=""
server-1   | declare -x JUDGE0_VERSION="1.13.1"
server-1   | declare -x KOTLIN_VERSIONS="1.3.70"
server-1   | declare -x LANG="en_US.UTF-8"
server-1   | declare -x LANGUAGE="en_US:en"
server-1   | declare -x LC_ALL="en_US.UTF-8"
server-1   | declare -x LUA_VERSIONS="5.3.5"
server-1   | declare -x MAINTENANCE_MESSAGE="Judge0 is currently in maintenance."
server-1   | declare -x MAINTENANCE_MODE=""
server-1   | declare -x MAX_CPU_EXTRA_TIME=""
server-1   | declare -x MAX_CPU_TIME_LIMIT=""
server-1   | declare -x MAX_EXTRACT_SIZE=""
server-1   | declare -x MAX_FILE_SIZE=""
server-1   | declare -x MAX_MAX_FILE_SIZE=""
server-1   | declare -x MAX_MAX_PROCESSES_AND_OR_THREADS=""
server-1   | declare -x MAX_MEMORY_LIMIT=""
server-1   | declare -x MAX_NUMBER_OF_RUNS=""
server-1   | declare -x MAX_PROCESSES_AND_OR_THREADS=""
server-1   | declare -x MAX_QUEUE_SIZE=""
server-1   | declare -x MAX_STACK_LIMIT=""
server-1   | declare -x MAX_SUBMISSION_BATCH_SIZE=""
server-1   | declare -x MAX_WALL_TIME_LIMIT=""
server-1   | declare -x MEMORY_LIMIT=""
db-1       |
db-1       | PostgreSQL Database directory appears to contain a database; Skipping initialization
db-1       |
db-1       | 2024-10-13 11:22:50.364 UTC [1] LOG:  starting PostgreSQL 16.2 (Debian 16.2-1.pgdg120+2) on x86_64-pc-linux-gnu, compiled by gcc (Debian 12.2.0-14) 12.2.0, 64-bit
db-1       | 2024-10-13 11:22:50.364 UTC [1] LOG:  listening on IPv4 address "0.0.0.0", port 5432
db-1       | 2024-10-13 11:22:50.364 UTC [1] LOG:  listening on IPv6 address "::", port 5432
db-1       | 2024-10-13 11:22:50.369 UTC [1] LOG:  listening on Unix socket "/var/run/postgresql/.s.PGSQL.5432"
db-1       | 2024-10-13 11:22:50.375 UTC [28] LOG:  database system was shut down at 2024-10-13 11:22:39 UTC
db-1       | 2024-10-13 11:22:50.385 UTC [1] LOG:  database system is ready to accept connections
server-1   | declare -x MONO_VERSION="6.6.0.161"
server-1   | declare -x MONO_VERSIONS="6.6.0.161"
server-1   | declare -x NASM_VERSIONS="2.14.02"
server-1   | declare -x NODE_VERSIONS="12.14.0"
server-1   | declare -x NUMBER_OF_RUNS=""
server-1   | declare -x OCAML_VERSIONS="4.09.0"
server-1   | declare -x OCTAVE_VERSIONS="5.1.0"
server-1   | declare -x OLDPWD
server-1   | declare -x PATH="/usr/local/ruby-2.7.0/bin:/opt/.gem/bin:/usr/local/sbin:/usr/local/bin:/usr/sbin:/usr/bin:/sbin:/bin"
server-1   | declare -x PHP_VERSIONS="7.4.1"
server-1   | declare -x PORT="2358"
server-1   | declare -x POSTGRES_DB="judge0"
server-1   | declare -x POSTGRES_HOST="db"
server-1   | declare -x POSTGRES_PASSWORD="rSDTbNz7tDqd64j4bRxJygj68SdcpQ35"
server-1   | declare -x POSTGRES_PORT="5432"
server-1   | declare -x POSTGRES_USER="judge0"
server-1   | declare -x PWD="/api"
server-1   | declare -x PYTHON_VERSIONS="3.8.1       2.7.17"
server-1   | declare -x QUEUE="1.13.1"
server-1   | declare -x RAILS_ENV="production"
server-1   | declare -x RAILS_LOG_TO_STDOUT="true"
server-1   | declare -x RAILS_MAX_THREADS="4"
server-1   | declare -x RAILS_SERVER_PROCESSES="2"
server-1   | declare -x REDIRECT_STDERR_TO_STDOUT=""
server-1   | declare -x REDIS_HOST="redis"
server-1   | declare -x REDIS_PASSWORD="nbHYx2R2w8W5jFYXudCWHSCCDRf3Hm2Z"
server-1   | declare -x REDIS_PORT="6379"
server-1   | declare -x RESTART_MAX_TRIES="10"
server-1   | declare -x RUBYOPT="-W:no-deprecated"
server-1   | declare -x RUBY_VERSIONS="2.7.0"
server-1   | declare -x RUST_VERSIONS="1.40.0"
server-1   | declare -x R_VERSIONS="4.0.0"
server-1   | declare -x SBCL_VERSIONS="2.0.0"
server-1   | declare -x SCALA_VERSIONS="2.13.2"
server-1   | declare -x SECRET_KEY_BASE="ZoGfNJcTzTBhGC2HhQBMeHIXqIz6koHW4PWBDspoaJJnrLIUPzbb91GO8cb639ROYgXvRKsncfv1UbYl85duT1cxSaiJ4YGQ19cM8B6pKDKbKPBbbumdcbDhWwt8CGYM"
server-1   | declare -x SHLVL="1"
server-1   | declare -x STACK_LIMIT=""
server-1   | declare -x SUBMISSION_CACHE_DURATION=""
server-1   | declare -x SWIFT_VERSIONS="5.2.3"
server-1   | declare -x TYPESCRIPT_VERSIONS="3.7.4"
server-1   | declare -x USE_DOCS_AS_HOMEPAGE=""
server-1   | declare -x WALL_TIME_LIMIT=""
workers-1  | declare -x FBC_VERSIONS="1.07.1"
workers-1  | declare -x FPC_VERSIONS="3.0.4"
workers-1  | declare -x GCC_VERSIONS="7.4.0       8.3.0       9.2.0"
workers-1  | declare -x GEM_HOME="/opt/.gem/"
workers-1  | declare -x GO_VERSIONS="1.13.5"
workers-1  | declare -x GPROLOG_VERSIONS="1.4.5"
workers-1  | declare -x HASKELL_VERSIONS="8.8.1"
workers-1  | declare -x HOME="/home/judge0"
workers-1  | declare -x HOSTNAME="8f56690fc0a8"
workers-1  | declare -x INTERVAL="0.1"
workers-1  | declare -x JUDGE0_HOMEPAGE="https://judge0.com"
workers-1  | declare -x JUDGE0_MAINTAINER="Herman Zvonimir Došilović <hermanz.dosilovic@gmail.com>"
workers-1  | declare -x JUDGE0_SOURCE_CODE="https://github.com/judge0/judge0"
workers-1  | declare -x JUDGE0_TELEMETRY_ENABLE=""
workers-1  | declare -x JUDGE0_VERSION="1.13.1"
workers-1  | declare -x KOTLIN_VERSIONS="1.3.70"
workers-1  | declare -x LANG="en_US.UTF-8"
workers-1  | declare -x LANGUAGE="en_US:en"
workers-1  | declare -x LC_ALL="en_US.UTF-8"
workers-1  | declare -x LUA_VERSIONS="5.3.5"
workers-1  | declare -x MAINTENANCE_MESSAGE="Judge0 is currently in maintenance."
workers-1  | declare -x MAINTENANCE_MODE=""
workers-1  | declare -x MAX_CPU_EXTRA_TIME=""
workers-1  | declare -x MAX_CPU_TIME_LIMIT=""
workers-1  | declare -x MAX_EXTRACT_SIZE=""
workers-1  | declare -x MAX_FILE_SIZE=""
workers-1  | declare -x MAX_MAX_FILE_SIZE=""
workers-1  | declare -x MAX_MAX_PROCESSES_AND_OR_THREADS=""
workers-1  | declare -x MAX_MEMORY_LIMIT=""
workers-1  | declare -x MAX_NUMBER_OF_RUNS=""
redis-1    | 1:C 13 Oct 2024 11:22:50.214 # WARNING Memory overcommit must be enabled! Without it, a background save or replication may fail under low memory condition. Being disabled, it can also cause failures without low memory condition, see https://github.com/jemalloc/jemalloc/issues/1328. To fix this issue add 'vm.overcommit_memory = 1' to /etc/sysctl.conf and then reboot or run the command 'sysctl vm.overcommit_memory=1' for this to take effect.
redis-1    | 1:C 13 Oct 2024 11:22:50.215 * oO0OoO0OoO0Oo Redis is starting oO0OoO0OoO0Oo
redis-1    | 1:C 13 Oct 2024 11:22:50.215 * Redis version=7.2.4, bits=64, commit=00000000, modified=0, pid=1, just started
redis-1    | 1:C 13 Oct 2024 11:22:50.215 * Configuration loaded
redis-1    | 1:M 13 Oct 2024 11:22:50.216 * monotonic clock: POSIX clock_gettime
redis-1    | 1:M 13 Oct 2024 11:22:50.218 * Running mode=standalone, port=6379.
redis-1    | 1:M 13 Oct 2024 11:22:50.218 * Server initialized
redis-1    | 1:M 13 Oct 2024 11:22:50.219 * Ready to accept connections tcp
workers-1  | declare -x MAX_PROCESSES_AND_OR_THREADS=""
workers-1  | declare -x MAX_QUEUE_SIZE=""
workers-1  | declare -x MAX_STACK_LIMIT=""
workers-1  | declare -x MAX_SUBMISSION_BATCH_SIZE=""
workers-1  | declare -x MAX_WALL_TIME_LIMIT=""
workers-1  | declare -x MEMORY_LIMIT=""
workers-1  | declare -x MONO_VERSION="6.6.0.161"
workers-1  | declare -x MONO_VERSIONS="6.6.0.161"
workers-1  | declare -x NASM_VERSIONS="2.14.02"
workers-1  | declare -x NODE_PATH="/api/.nvm/v20.10.0/lib/node_modules"
workers-1  | declare -x NODE_VERSION="20.10.0"
workers-1  | declare -x NODE_VERSIONS="12.14.0"
workers-1  | declare -x NUMBER_OF_RUNS=""
workers-1  | declare -x NVM_DIR="/api/.nvm"
workers-1  | declare -x OCAML_VERSIONS="4.09.0"
workers-1  | declare -x OCTAVE_VERSIONS="5.1.0"
workers-1  | declare -x OLDPWD
workers-1  | declare -x PATH="/api/.nvm/versions/node/v20.10.0/bin:/usr/local/ruby-2.7.0/bin:/opt/.gem/bin:/usr/local/sbin:/usr/local/bin:/usr/sbin:/usr/bin:/sbin:/bin"
workers-1  | declare -x PHP_VERSIONS="7.4.1"
workers-1  | declare -x PORT="2358"
workers-1  | declare -x POSTGRES_DB="judge0"
workers-1  | declare -x POSTGRES_HOST="db"
workers-1  | declare -x POSTGRES_PASSWORD="rSDTbNz7tDqd64j4bRxJygj68SdcpQ35"
workers-1  | declare -x POSTGRES_PORT="5432"
workers-1  | declare -x POSTGRES_USER="judge0"
workers-1  | declare -x PWD="/api"
workers-1  | declare -x PYTHON_VERSIONS="3.8.1       2.7.17"
workers-1  | declare -x QUEUE="1.13.1"
workers-1  | declare -x RAILS_ENV="production"
workers-1  | declare -x RAILS_LOG_TO_STDOUT="true"
workers-1  | declare -x RAILS_MAX_THREADS="4"
workers-1  | declare -x RAILS_SERVER_PROCESSES="2"
workers-1  | declare -x REDIRECT_STDERR_TO_STDOUT=""
workers-1  | declare -x REDIS_HOST="redis"
workers-1  | declare -x REDIS_PASSWORD="nbHYx2R2w8W5jFYXudCWHSCCDRf3Hm2Z"
workers-1  | declare -x REDIS_PORT="6379"
workers-1  | declare -x RESTART_MAX_TRIES="10"
workers-1  | declare -x RUBYOPT="-W:no-deprecated"
workers-1  | declare -x RUBY_VERSIONS="2.7.0"
workers-1  | declare -x RUST_VERSIONS="1.40.0"
workers-1  | declare -x R_VERSIONS="4.0.0"
workers-1  | declare -x SBCL_VERSIONS="2.0.0"
workers-1  | declare -x SCALA_VERSIONS="2.13.2"
workers-1  | declare -x SECRET_KEY_BASE="LyLwTUApS4krKKf3pgxni8xE6EvjBSHq8fVWpWKGHOFAzyEex9NUCsfCDItiIXv3Znz6xrNA7GeIfXrzjOI6xpJ52DFXo3Bu8FIawCqpODyvVl7a3UWH46jjjI05HisN"
workers-1  | declare -x SHLVL="1"
workers-1  | declare -x STACK_LIMIT=""
workers-1  | declare -x SUBMISSION_CACHE_DURATION=""
workers-1  | declare -x SWIFT_VERSIONS="5.2.3"
workers-1  | declare -x TYPESCRIPT_VERSIONS="3.7.4"
workers-1  | declare -x USE_DOCS_AS_HOMEPAGE=""
workers-1  | declare -x WALL_TIME_LIMIT=""
workers-1  | [2024-10-13-11-22-50] Starting scheduler.
workers-1  | [2024-10-13-11-22-50] Starting workers.
server-1   | D, [2024-10-13T11:22:52.664010 #20] DEBUG -- :    (0.4ms)  CREATE DATABASE "judge0" ENCODING = 'unicode'
server-1   | Database 'judge0' already exists
db-1       | 2024-10-13 11:22:52.663 UTC [32] ERROR:  database "judge0" already exists
db-1       | 2024-10-13 11:22:52.663 UTC [32] STATEMENT:  CREATE DATABASE "judge0" ENCODING = 'unicode'
server-1   | D, [2024-10-13T11:22:52.704472 #20] DEBUG -- :    (0.2ms)  SELECT pg_try_advisory_lock(8201710451366353635)
server-1   | D, [2024-10-13T11:22:52.720666 #20] DEBUG -- :    (0.6ms)  SELECT "schema_migrations"."version" FROM "schema_migrations" ORDER BY "schema_migrations"."version" ASC
server-1   | D, [2024-10-13T11:22:52.731268 #20] DEBUG -- :   ActiveRecord::InternalMetadata Load (0.4ms)  SELECT  "ar_internal_metadata".* FROM "ar_internal_metadata" WHERE "ar_internal_metadata"."key" = $1 LIMIT $2  [["key", "environment"], ["LIMIT", 1]]
server-1   | D, [2024-10-13T11:22:52.736577 #20] DEBUG -- :    (0.3ms)  BEGIN
server-1   | D, [2024-10-13T11:22:52.738796 #20] DEBUG -- :    (0.2ms)  COMMIT
server-1   | D, [2024-10-13T11:22:52.739801 #20] DEBUG -- :    (0.3ms)  SELECT pg_advisory_unlock(8201710451366353635)
server-1   | D, [2024-10-13T11:22:52.745027 #20] DEBUG -- :    (0.2ms)  SELECT "schema_migrations"."version" FROM "schema_migrations" ORDER BY "schema_migrations"."version" ASC
server-1   | D, [2024-10-13T11:22:52.747685 #20] DEBUG -- :    (0.2ms)  BEGIN
server-1   | D, [2024-10-13T11:22:52.752461 #20] DEBUG -- :   Language Destroy (3.1ms)  DELETE FROM "languages"
server-1   | D, [2024-10-13T11:22:52.763464 #20] DEBUG -- :   Language Create (2.5ms)  INSERT INTO "languages" ("id", "name", "run_cmd", "source_file", "is_archived") VALUES ($1, $2, $3, $4, $5) RETURNING "id"  [["id", 1], ["name", "Bash (4.4)"], ["run_cmd", "/usr/local/bash-4.4/bin/bash script.sh"], ["source_file", "script.sh"], ["is_archived", true]]
server-1   | D, [2024-10-13T11:22:52.765405 #20] DEBUG -- :   Language Create (0.3ms)  INSERT INTO "languages" ("id", "name", "run_cmd", "source_file", "is_archived") VALUES ($1, $2, $3, $4, $5) RETURNING "id"  [["id", 2], ["name", "Bash (4.0)"], ["run_cmd", "/usr/local/bash-4.0/bin/bash script.sh"], ["source_file", "script.sh"], ["is_archived", true]]
server-1   | D, [2024-10-13T11:22:52.766878 #20] DEBUG -- :   Language Create (0.3ms)  INSERT INTO "languages" ("id", "name", "compile_cmd", "run_cmd", "source_file", "is_archived") VALUES ($1, $2, $3, $4, $5, $6) RETURNING "id"  [["id", 3], ["name", "Basic (fbc 1.05.0)"], ["compile_cmd", "/usr/local/fbc-1.05.0/bin/fbc %s main.bas"], ["run_cmd", "./main"], ["source_file", "main.bas"], ["is_archived", true]]
server-1   | D, [2024-10-13T11:22:52.768180 #20] DEBUG -- :   Language Create (0.2ms)  INSERT INTO "languages" ("id", "name", "compile_cmd", "run_cmd", "source_file", "is_archived") VALUES ($1, $2, $3, $4, $5, $6) RETURNING "id"  [["id", 4], ["name", "C (gcc 7.2.0)"], ["compile_cmd", "/usr/local/gcc-7.2.0/bin/gcc %s main.c"], ["run_cmd", "./a.out"], ["source_file", "main.c"], ["is_archived", true]]
server-1   | D, [2024-10-13T11:22:52.771423 #20] DEBUG -- :   Language Create (2.3ms)  INSERT INTO "languages" ("id", "name", "compile_cmd", "run_cmd", "source_file", "is_archived") VALUES ($1, $2, $3, $4, $5, $6) RETURNING "id"  [["id", 5], ["name", "C (gcc 6.4.0)"], ["compile_cmd", "/usr/local/gcc-6.4.0/bin/gcc %s main.c"], ["run_cmd", "./a.out"], ["source_file", "main.c"], ["is_archived", true]]
server-1   | D, [2024-10-13T11:22:52.772637 #20] DEBUG -- :   Language Create (0.2ms)  INSERT INTO "languages" ("id", "name", "compile_cmd", "run_cmd", "source_file", "is_archived") VALUES ($1, $2, $3, $4, $5, $6) RETURNING "id"  [["id", 6], ["name", "C (gcc 6.3.0)"], ["compile_cmd", "/usr/local/gcc-6.3.0/bin/gcc %s main.c"], ["run_cmd", "./a.out"], ["source_file", "main.c"], ["is_archived", true]]
server-1   | D, [2024-10-13T11:22:52.773757 #20] DEBUG -- :   Language Create (0.2ms)  INSERT INTO "languages" ("id", "name", "compile_cmd", "run_cmd", "source_file", "is_archived") VALUES ($1, $2, $3, $4, $5, $6) RETURNING "id"  [["id", 7], ["name", "C (gcc 5.4.0)"], ["compile_cmd", "/usr/local/gcc-5.4.0/bin/gcc %s main.c"], ["run_cmd", "./a.out"], ["source_file", "main.c"], ["is_archived", true]]
server-1   | D, [2024-10-13T11:22:52.774759 #20] DEBUG -- :   Language Create (0.2ms)  INSERT INTO "languages" ("id", "name", "compile_cmd", "run_cmd", "source_file", "is_archived") VALUES ($1, $2, $3, $4, $5, $6) RETURNING "id"  [["id", 8], ["name", "C (gcc 4.9.4)"], ["compile_cmd", "/usr/local/gcc-4.9.4/bin/gcc %s main.c"], ["run_cmd", "./a.out"], ["source_file", "main.c"], ["is_archived", true]]
server-1   | D, [2024-10-13T11:22:52.775852 #20] DEBUG -- :   Language Create (0.2ms)  INSERT INTO "languages" ("id", "name", "compile_cmd", "run_cmd", "source_file", "is_archived") VALUES ($1, $2, $3, $4, $5, $6) RETURNING "id"  [["id", 9], ["name", "C (gcc 4.8.5)"], ["compile_cmd", "/usr/local/gcc-4.8.5/bin/gcc %s main.c"], ["run_cmd", "./a.out"], ["source_file", "main.c"], ["is_archived", true]]
server-1   | D, [2024-10-13T11:22:52.776919 #20] DEBUG -- :   Language Create (0.2ms)  INSERT INTO "languages" ("id", "name", "compile_cmd", "run_cmd", "source_file", "is_archived") VALUES ($1, $2, $3, $4, $5, $6) RETURNING "id"  [["id", 10], ["name", "C++ (g++ 7.2.0)"], ["compile_cmd", "/usr/local/gcc-7.2.0/bin/g++ %s main.cpp"], ["run_cmd", "LD_LIBRARY_PATH=/usr/local/gcc-7.2.0/lib64 ./a.out"], ["source_file", "main.cpp"], ["is_archived", true]]
server-1   | D, [2024-10-13T11:22:52.778048 #20] DEBUG -- :   Language Create (0.2ms)  INSERT INTO "languages" ("id", "name", "compile_cmd", "run_cmd", "source_file", "is_archived") VALUES ($1, $2, $3, $4, $5, $6) RETURNING "id"  [["id", 11], ["name", "C++ (g++ 6.4.0)"], ["compile_cmd", "/usr/local/gcc-6.4.0/bin/g++ %s main.cpp"], ["run_cmd", "LD_LIBRARY_PATH=/usr/local/gcc-6.4.0/lib64 ./a.out"], ["source_file", "main.cpp"], ["is_archived", true]]
server-1   | D, [2024-10-13T11:22:52.779138 #20] DEBUG -- :   Language Create (0.2ms)  INSERT INTO "languages" ("id", "name", "compile_cmd", "run_cmd", "source_file", "is_archived") VALUES ($1, $2, $3, $4, $5, $6) RETURNING "id"  [["id", 12], ["name", "C++ (g++ 6.3.0)"], ["compile_cmd", "/usr/local/gcc-6.3.0/bin/g++ %s main.cpp"], ["run_cmd", "LD_LIBRARY_PATH=/usr/local/gcc-6.3.0/lib64 ./a.out"], ["source_file", "main.cpp"], ["is_archived", true]]
server-1   | D, [2024-10-13T11:22:52.781931 #20] DEBUG -- :   Language Create (2.0ms)  INSERT INTO "languages" ("id", "name", "compile_cmd", "run_cmd", "source_file", "is_archived") VALUES ($1, $2, $3, $4, $5, $6) RETURNING "id"  [["id", 13], ["name", "C++ (g++ 5.4.0)"], ["compile_cmd", "/usr/local/gcc-5.4.0/bin/g++ %s main.cpp"], ["run_cmd", "LD_LIBRARY_PATH=/usr/local/gcc-5.4.0/lib64 ./a.out"], ["source_file", "main.cpp"], ["is_archived", true]]
server-1   | D, [2024-10-13T11:22:52.783266 #20] DEBUG -- :   Language Create (0.2ms)  INSERT INTO "languages" ("id", "name", "compile_cmd", "run_cmd", "source_file", "is_archived") VALUES ($1, $2, $3, $4, $5, $6) RETURNING "id"  [["id", 14], ["name", "C++ (g++ 4.9.4)"], ["compile_cmd", "/usr/local/gcc-4.9.4/bin/g++ %s main.cpp"], ["run_cmd", "LD_LIBRARY_PATH=/usr/local/gcc-4.9.4/lib64 ./a.out"], ["source_file", "main.cpp"], ["is_archived", true]]
server-1   | D, [2024-10-13T11:22:52.784347 #20] DEBUG -- :   Language Create (0.4ms)  INSERT INTO "languages" ("id", "name", "compile_cmd", "run_cmd", "source_file", "is_archived") VALUES ($1, $2, $3, $4, $5, $6) RETURNING "id"  [["id", 15], ["name", "C++ (g++ 4.8.5)"], ["compile_cmd", "/usr/local/gcc-4.8.5/bin/g++ %s main.cpp"], ["run_cmd", "LD_LIBRARY_PATH=/usr/local/gcc-4.8.5/lib64 ./a.out"], ["source_file", "main.cpp"], ["is_archived", true]]
server-1   | D, [2024-10-13T11:22:52.785572 #20] DEBUG -- :   Language Create (0.3ms)  INSERT INTO "languages" ("id", "name", "compile_cmd", "run_cmd", "source_file", "is_archived") VALUES ($1, $2, $3, $4, $5, $6) RETURNING "id"  [["id", 16], ["name", "C# (mono 5.4.0.167)"], ["compile_cmd", "/usr/local/mono-5.4.0.167/bin/mcs %s Main.cs"], ["run_cmd", "/usr/local/mono-5.4.0.167/bin/mono Main.exe"], ["source_file", "Main.cs"], ["is_archived", true]]
server-1   | D, [2024-10-13T11:22:52.786772 #20] DEBUG -- :   Language Create (0.2ms)  INSERT INTO "languages" ("id", "name", "compile_cmd", "run_cmd", "source_file", "is_archived") VALUES ($1, $2, $3, $4, $5, $6) RETURNING "id"  [["id", 17], ["name", "C# (mono 5.2.0.224)"], ["compile_cmd", "/usr/local/mono-5.2.0.224/bin/mcs %s Main.cs"], ["run_cmd", "/usr/local/mono-5.2.0.224/bin/mono Main.exe"], ["source_file", "Main.cs"], ["is_archived", true]]
server-1   | D, [2024-10-13T11:22:52.787874 #20] DEBUG -- :   Language Create (0.2ms)  INSERT INTO "languages" ("id", "name", "run_cmd", "source_file", "is_archived") VALUES ($1, $2, $3, $4, $5) RETURNING "id"  [["id", 18], ["name", "Clojure (1.8.0)"], ["run_cmd", "/usr/bin/java -cp /usr/local/clojure-1.8.0/clojure-1.8.0.jar clojure.main main.clj"], ["source_file", "main.clj"], ["is_archived", true]]
server-1   | D, [2024-10-13T11:22:52.788855 #20] DEBUG -- :   Language Create (0.2ms)  INSERT INTO "languages" ("id", "name", "compile_cmd", "run_cmd", "source_file", "is_archived") VALUES ($1, $2, $3, $4, $5, $6) RETURNING "id"  [["id", 19], ["name", "Crystal (0.23.1)"], ["compile_cmd", "/usr/local/crystal-0.23.1-3/bin/crystal build %s main.cr"], ["run_cmd", "./main"], ["source_file", "main.cr"], ["is_archived", true]]
server-1   | D, [2024-10-13T11:22:52.789748 #20] DEBUG -- :   Language Create (0.4ms)  INSERT INTO "languages" ("id", "name", "run_cmd", "source_file", "is_archived") VALUES ($1, $2, $3, $4, $5) RETURNING "id"  [["id", 20], ["name", "Elixir (1.5.1)"], ["run_cmd", "/usr/local/elixir-1.5.1/bin/elixir main.exs"], ["source_file", "main.exs"], ["is_archived", true]]
server-1   | D, [2024-10-13T11:22:52.790891 #20] DEBUG -- :   Language Create (0.2ms)  INSERT INTO "languages" ("id", "name", "run_cmd", "source_file", "is_archived") VALUES ($1, $2, $3, $4, $5) RETURNING "id"  [["id", 21], ["name", "Erlang (OTP 20.0)"], ["run_cmd", "/bin/sed -i \"s/^/\\n/\" main.erl && /usr/local/erlang-20.0/bin/escript main.erl"], ["source_file", "main.erl"], ["is_archived", true]]
server-1   | D, [2024-10-13T11:22:52.791824 #20] DEBUG -- :   Language Create (0.4ms)  INSERT INTO "languages" ("id", "name", "compile_cmd", "run_cmd", "source_file", "is_archived") VALUES ($1, $2, $3, $4, $5, $6) RETURNING "id"  [["id", 22], ["name", "Go (1.9)"], ["compile_cmd", "/usr/local/go-1.9/bin/go build %s main.go"], ["run_cmd", "./main"], ["source_file", "main.go"], ["is_archived", true]]
server-1   | D, [2024-10-13T11:22:52.793078 #20] DEBUG -- :   Language Create (0.2ms)  INSERT INTO "languages" ("id", "name", "compile_cmd", "run_cmd", "source_file", "is_archived") VALUES ($1, $2, $3, $4, $5, $6) RETURNING "id"  [["id", 23], ["name", "Haskell (ghc 8.2.1)"], ["compile_cmd", "/usr/local/ghc-8.2.1/bin/ghc %s main.hs"], ["run_cmd", "./main"], ["source_file", "main.hs"], ["is_archived", true]]
server-1   | D, [2024-10-13T11:22:52.794546 #20] DEBUG -- :   Language Create (0.3ms)  INSERT INTO "languages" ("id", "name", "compile_cmd", "run_cmd", "source_file", "is_archived") VALUES ($1, $2, $3, $4, $5, $6) RETURNING "id"  [["id", 24], ["name", "Haskell (ghc 8.0.2)"], ["compile_cmd", "/usr/local/ghc-8.0.2/bin/ghc %s main.hs"], ["run_cmd", "./main"], ["source_file", "main.hs"], ["is_archived", true]]
server-1   | D, [2024-10-13T11:22:52.797435 #20] DEBUG -- :   Language Create (1.9ms)  INSERT INTO "languages" ("id", "name", "run_cmd", "source_file", "is_archived") VALUES ($1, $2, $3, $4, $5) RETURNING "id"  [["id", 25], ["name", "Insect (5.0.0)"], ["run_cmd", "/usr/local/insect-5.0.0/insect main.ins"], ["source_file", "main.ins"], ["is_archived", true]]
server-1   | D, [2024-10-13T11:22:52.800079 #20] DEBUG -- :   Language Create (1.5ms)  INSERT INTO "languages" ("id", "name", "compile_cmd", "run_cmd", "source_file", "is_archived") VALUES ($1, $2, $3, $4, $5, $6) RETURNING "id"  [["id", 26], ["name", "Java (OpenJDK 9 with Eclipse OpenJ9)"], ["compile_cmd", "/usr/local/openjdk9-openj9/bin/javac %s Main.java"], ["run_cmd", "/usr/local/openjdk9-openj9/bin/java Main"], ["source_file", "Main.java"], ["is_archived", true]]
server-1   | D, [2024-10-13T11:22:52.801422 #20] DEBUG -- :   Language Create (0.4ms)  INSERT INTO "languages" ("id", "name", "compile_cmd", "run_cmd", "source_file", "is_archived") VALUES ($1, $2, $3, $4, $5, $6) RETURNING "id"  [["id", 27], ["name", "Java (OpenJDK 8)"], ["compile_cmd", "/usr/lib/jvm/java-8-openjdk-amd64/bin/javac %s Main.java"], ["run_cmd", "/usr/lib/jvm/java-8-openjdk-amd64/bin/java Main"], ["source_file", "Main.java"], ["is_archived", true]]
server-1   | D, [2024-10-13T11:22:52.802494 #20] DEBUG -- :   Language Create (0.2ms)  INSERT INTO "languages" ("id", "name", "compile_cmd", "run_cmd", "source_file", "is_archived") VALUES ($1, $2, $3, $4, $5, $6) RETURNING "id"  [["id", 28], ["name", "Java (OpenJDK 7)"], ["compile_cmd", "/usr/lib/jvm/java-7-openjdk-amd64/bin/javac %s Main.java"], ["run_cmd", "/usr/lib/jvm/java-7-openjdk-amd64/bin/java Main"], ["source_file", "Main.java"], ["is_archived", true]]
server-1   | D, [2024-10-13T11:22:52.805558 #20] DEBUG -- :   Language Create (2.2ms)  INSERT INTO "languages" ("id", "name", "run_cmd", "source_file", "is_archived") VALUES ($1, $2, $3, $4, $5) RETURNING "id"  [["id", 29], ["name", "JavaScript (nodejs 8.5.0)"], ["run_cmd", "/usr/local/node-8.5.0/bin/node main.js"], ["source_file", "main.js"], ["is_archived", true]]
server-1   | D, [2024-10-13T11:22:52.809444 #20] DEBUG -- :   Language Create (2.9ms)  INSERT INTO "languages" ("id", "name", "run_cmd", "source_file", "is_archived") VALUES ($1, $2, $3, $4, $5) RETURNING "id"  [["id", 30], ["name", "JavaScript (nodejs 7.10.1)"], ["run_cmd", "/usr/local/node-7.10.1/bin/node main.js"], ["source_file", "main.js"], ["is_archived", true]]
server-1   | D, [2024-10-13T11:22:52.810843 #20] DEBUG -- :   Language Create (0.3ms)  INSERT INTO "languages" ("id", "name", "compile_cmd", "run_cmd", "source_file", "is_archived") VALUES ($1, $2, $3, $4, $5, $6) RETURNING "id"  [["id", 31], ["name", "OCaml (4.05.0)"], ["compile_cmd", "/usr/local/ocaml-4.05.0/bin/ocamlc %s main.ml"], ["run_cmd", "./a.out"], ["source_file", "main.ml"], ["is_archived", true]]
server-1   | D, [2024-10-13T11:22:52.811942 #20] DEBUG -- :   Language Create (0.2ms)  INSERT INTO "languages" ("id", "name", "run_cmd", "source_file", "is_archived") VALUES ($1, $2, $3, $4, $5) RETURNING "id"  [["id", 32], ["name", "Octave (4.2.0)"], ["run_cmd", "/usr/local/octave-4.2.0/bin/octave-cli -q --no-gui --no-history file.m"], ["source_file", "file.m"], ["is_archived", true]]
server-1   | D, [2024-10-13T11:22:52.813077 #20] DEBUG -- :   Language Create (0.2ms)  INSERT INTO "languages" ("id", "name", "compile_cmd", "run_cmd", "source_file", "is_archived") VALUES ($1, $2, $3, $4, $5, $6) RETURNING "id"  [["id", 33], ["name", "Pascal (fpc 3.0.0)"], ["compile_cmd", "/usr/local/fpc-3.0.0/bin/fpc %s main.pas"], ["run_cmd", "./main"], ["source_file", "main.pas"], ["is_archived", true]]
server-1   | D, [2024-10-13T11:22:52.814119 #20] DEBUG -- :   Language Create (0.2ms)  INSERT INTO "languages" ("id", "name", "run_cmd", "source_file", "is_archived") VALUES ($1, $2, $3, $4, $5) RETURNING "id"  [["id", 34], ["name", "Python (3.6.0)"], ["run_cmd", "/usr/local/python-3.6.0/bin/python3 main.py"], ["source_file", "main.py"], ["is_archived", true]]
server-1   | D, [2024-10-13T11:22:52.815279 #20] DEBUG -- :   Language Create (0.2ms)  INSERT INTO "languages" ("id", "name", "run_cmd", "source_file", "is_archived") VALUES ($1, $2, $3, $4, $5) RETURNING "id"  [["id", 35], ["name", "Python (3.5.3)"], ["run_cmd", "/usr/local/python-3.5.3/bin/python3 main.py"], ["source_file", "main.py"], ["is_archived", true]]
server-1   | D, [2024-10-13T11:22:52.816229 #20] DEBUG -- :   Language Create (0.2ms)  INSERT INTO "languages" ("id", "name", "run_cmd", "source_file", "is_archived") VALUES ($1, $2, $3, $4, $5) RETURNING "id"  [["id", 36], ["name", "Python (2.7.9)"], ["run_cmd", "/usr/local/python-2.7.9/bin/python main.py"], ["source_file", "main.py"], ["is_archived", true]]
server-1   | D, [2024-10-13T11:22:52.817390 #20] DEBUG -- :   Language Create (0.2ms)  INSERT INTO "languages" ("id", "name", "run_cmd", "source_file", "is_archived") VALUES ($1, $2, $3, $4, $5) RETURNING "id"  [["id", 37], ["name", "Python (2.6.9)"], ["run_cmd", "/usr/local/python-2.6.9/bin/python main.py"], ["source_file", "main.py"], ["is_archived", true]]
server-1   | D, [2024-10-13T11:22:52.818626 #20] DEBUG -- :   Language Create (0.2ms)  INSERT INTO "languages" ("id", "name", "run_cmd", "source_file", "is_archived") VALUES ($1, $2, $3, $4, $5) RETURNING "id"  [["id", 38], ["name", "Ruby (2.4.0)"], ["run_cmd", "/usr/local/ruby-2.4.0/bin/ruby main.rb"], ["source_file", "main.rb"], ["is_archived", true]]
server-1   | D, [2024-10-13T11:22:52.819663 #20] DEBUG -- :   Language Create (0.2ms)  INSERT INTO "languages" ("id", "name", "run_cmd", "source_file", "is_archived") VALUES ($1, $2, $3, $4, $5) RETURNING "id"  [["id", 39], ["name", "Ruby (2.3.3)"], ["run_cmd", "/usr/local/ruby-2.3.3/bin/ruby main.rb"], ["source_file", "main.rb"], ["is_archived", true]]
server-1   | D, [2024-10-13T11:22:52.820732 #20] DEBUG -- :   Language Create (0.2ms)  INSERT INTO "languages" ("id", "name", "run_cmd", "source_file", "is_archived") VALUES ($1, $2, $3, $4, $5) RETURNING "id"  [["id", 40], ["name", "Ruby (2.2.6)"], ["run_cmd", "/usr/local/ruby-2.2.6/bin/ruby main.rb"], ["source_file", "main.rb"], ["is_archived", true]]
server-1   | D, [2024-10-13T11:22:52.821980 #20] DEBUG -- :   Language Create (0.3ms)  INSERT INTO "languages" ("id", "name", "run_cmd", "source_file", "is_archived") VALUES ($1, $2, $3, $4, $5) RETURNING "id"  [["id", 41], ["name", "Ruby (2.1.9)"], ["run_cmd", "/usr/local/ruby-2.1.9/bin/ruby main.rb"], ["source_file", "main.rb"], ["is_archived", true]]
server-1   | D, [2024-10-13T11:22:52.823201 #20] DEBUG -- :   Language Create (0.2ms)  INSERT INTO "languages" ("id", "name", "compile_cmd", "run_cmd", "source_file", "is_archived") VALUES ($1, $2, $3, $4, $5, $6) RETURNING "id"  [["id", 42], ["name", "Rust (1.20.0)"], ["compile_cmd", "/usr/local/rust-1.20.0/bin/rustc %s main.rs"], ["run_cmd", "./main"], ["source_file", "main.rs"], ["is_archived", true]]
server-1   | D, [2024-10-13T11:22:52.824245 #20] DEBUG -- :   Language Create (0.3ms)  INSERT INTO "languages" ("id", "name", "run_cmd", "source_file") VALUES ($1, $2, $3, $4) RETURNING "id"  [["id", 43], ["name", "Plain Text"], ["run_cmd", "/bin/cat text.txt"], ["source_file", "text.txt"]]
server-1   | D, [2024-10-13T11:22:52.825424 #20] DEBUG -- :   Language Create (0.2ms)  INSERT INTO "languages" ("id", "name", "run_cmd", "source_file") VALUES ($1, $2, $3, $4) RETURNING "id"  [["id", 44], ["name", "Executable"], ["run_cmd", "/bin/chmod +x a.out && ./a.out"], ["source_file", "a.out"]]
server-1   | D, [2024-10-13T11:22:52.826589 #20] DEBUG -- :   Language Create (0.3ms)  INSERT INTO "languages" ("id", "name", "compile_cmd", "run_cmd", "source_file") VALUES ($1, $2, $3, $4, $5) RETURNING "id"  [["id", 45], ["name", "Assembly (NASM 2.14.02)"], ["compile_cmd", "/usr/local/nasm-2.14.02/bin/nasmld -f elf64 %s main.asm"], ["run_cmd", "./a.out"], ["source_file", "main.asm"]]
server-1   | D, [2024-10-13T11:22:52.827557 #20] DEBUG -- :   Language Create (0.2ms)  INSERT INTO "languages" ("id", "name", "run_cmd", "source_file") VALUES ($1, $2, $3, $4) RETURNING "id"  [["id", 46], ["name", "Bash (5.0.0)"], ["run_cmd", "/usr/local/bash-5.0/bin/bash script.sh"], ["source_file", "script.sh"]]
server-1   | D, [2024-10-13T11:22:52.829403 #20] DEBUG -- :   Language Create (1.0ms)  INSERT INTO "languages" ("id", "name", "compile_cmd", "run_cmd", "source_file") VALUES ($1, $2, $3, $4, $5) RETURNING "id"  [["id", 47], ["name", "Basic (FBC 1.07.1)"], ["compile_cmd", "/usr/local/fbc-1.07.1/bin/fbc %s main.bas"], ["run_cmd", "./main"], ["source_file", "main.bas"]]
server-1   | D, [2024-10-13T11:22:52.830467 #20] DEBUG -- :   Language Create (0.2ms)  INSERT INTO "languages" ("id", "name", "compile_cmd", "run_cmd", "source_file") VALUES ($1, $2, $3, $4, $5) RETURNING "id"  [["id", 48], ["name", "C (GCC 7.4.0)"], ["compile_cmd", "/usr/local/gcc-7.4.0/bin/gcc %s main.c"], ["run_cmd", "./a.out"], ["source_file", "main.c"]]
server-1   | D, [2024-10-13T11:22:52.831503 #20] DEBUG -- :   Language Create (0.2ms)  INSERT INTO "languages" ("id", "name", "compile_cmd", "run_cmd", "source_file") VALUES ($1, $2, $3, $4, $5) RETURNING "id"  [["id", 49], ["name", "C (GCC 8.3.0)"], ["compile_cmd", "/usr/local/gcc-8.3.0/bin/gcc %s main.c"], ["run_cmd", "./a.out"], ["source_file", "main.c"]]
server-1   | D, [2024-10-13T11:22:52.832487 #20] DEBUG -- :   Language Create (0.2ms)  INSERT INTO "languages" ("id", "name", "compile_cmd", "run_cmd", "source_file") VALUES ($1, $2, $3, $4, $5) RETURNING "id"  [["id", 50], ["name", "C (GCC 9.2.0)"], ["compile_cmd", "/usr/local/gcc-9.2.0/bin/gcc %s main.c"], ["run_cmd", "./a.out"], ["source_file", "main.c"]]
server-1   | D, [2024-10-13T11:22:52.833458 #20] DEBUG -- :   Language Create (0.2ms)  INSERT INTO "languages" ("id", "name", "compile_cmd", "run_cmd", "source_file") VALUES ($1, $2, $3, $4, $5) RETURNING "id"  [["id", 51], ["name", "C# (Mono 6.6.0.161)"], ["compile_cmd", "/usr/local/mono-6.6.0.161/bin/mcs %s Main.cs"], ["run_cmd", "/usr/local/mono-6.6.0.161/bin/mono Main.exe"], ["source_file", "Main.cs"]]
server-1   | D, [2024-10-13T11:22:52.834574 #20] DEBUG -- :   Language Create (0.3ms)  INSERT INTO "languages" ("id", "name", "compile_cmd", "run_cmd", "source_file") VALUES ($1, $2, $3, $4, $5) RETURNING "id"  [["id", 52], ["name", "C++ (GCC 7.4.0)"], ["compile_cmd", "/usr/local/gcc-7.4.0/bin/g++ %s main.cpp"], ["run_cmd", "LD_LIBRARY_PATH=/usr/local/gcc-7.4.0/lib64 ./a.out"], ["source_file", "main.cpp"]]
server-1   | D, [2024-10-13T11:22:52.835798 #20] DEBUG -- :   Language Create (0.2ms)  INSERT INTO "languages" ("id", "name", "compile_cmd", "run_cmd", "source_file") VALUES ($1, $2, $3, $4, $5) RETURNING "id"  [["id", 53], ["name", "C++ (GCC 8.3.0)"], ["compile_cmd", "/usr/local/gcc-8.3.0/bin/g++ %s main.cpp"], ["run_cmd", "LD_LIBRARY_PATH=/usr/local/gcc-8.3.0/lib64 ./a.out"], ["source_file", "main.cpp"]]
server-1   | D, [2024-10-13T11:22:52.836983 #20] DEBUG -- :   Language Create (0.2ms)  INSERT INTO "languages" ("id", "name", "compile_cmd", "run_cmd", "source_file") VALUES ($1, $2, $3, $4, $5) RETURNING "id"  [["id", 54], ["name", "C++ (GCC 9.2.0)"], ["compile_cmd", "/usr/local/gcc-9.2.0/bin/g++ %s main.cpp"], ["run_cmd", "LD_LIBRARY_PATH=/usr/local/gcc-9.2.0/lib64 ./a.out"], ["source_file", "main.cpp"]]
server-1   | D, [2024-10-13T11:22:52.838136 #20] DEBUG -- :   Language Create (0.2ms)  INSERT INTO "languages" ("id", "name", "run_cmd", "source_file") VALUES ($1, $2, $3, $4) RETURNING "id"  [["id", 55], ["name", "Common Lisp (SBCL 2.0.0)"], ["run_cmd", "SBCL_HOME=/usr/local/sbcl-2.0.0/lib/sbcl /usr/local/sbcl-2.0.0/bin/sbcl --script script.lisp"], ["source_file", "script.lisp"]]
server-1   | D, [2024-10-13T11:22:52.839359 #20] DEBUG -- :   Language Create (0.2ms)  INSERT INTO "languages" ("id", "name", "compile_cmd", "run_cmd", "source_file") VALUES ($1, $2, $3, $4, $5) RETURNING "id"  [["id", 56], ["name", "D (DMD 2.089.1)"], ["compile_cmd", "/usr/local/d-2.089.1/linux/bin64/dmd %s main.d"], ["run_cmd", "./main"], ["source_file", "main.d"]]
server-1   | D, [2024-10-13T11:22:52.842422 #20] DEBUG -- :   Language Create (2.3ms)  INSERT INTO "languages" ("id", "name", "run_cmd", "source_file") VALUES ($1, $2, $3, $4) RETURNING "id"  [["id", 57], ["name", "Elixir (1.9.4)"], ["run_cmd", "/usr/local/elixir-1.9.4/bin/elixir script.exs"], ["source_file", "script.exs"]]
server-1   | D, [2024-10-13T11:22:52.843703 #20] DEBUG -- :   Language Create (0.2ms)  INSERT INTO "languages" ("id", "name", "run_cmd", "source_file") VALUES ($1, $2, $3, $4) RETURNING "id"  [["id", 58], ["name", "Erlang (OTP 22.2)"], ["run_cmd", "/bin/sed -i '1s/^/\\n/' main.erl && /usr/local/erlang-22.2/bin/escript main.erl"], ["source_file", "main.erl"]]
server-1   | D, [2024-10-13T11:22:52.844801 #20] DEBUG -- :   Language Create (0.2ms)  INSERT INTO "languages" ("id", "name", "compile_cmd", "run_cmd", "source_file") VALUES ($1, $2, $3, $4, $5) RETURNING "id"  [["id", 59], ["name", "Fortran (GFortran 9.2.0)"], ["compile_cmd", "/usr/local/gcc-9.2.0/bin/gfortran %s main.f90"], ["run_cmd", "LD_LIBRARY_PATH=/usr/local/gcc-9.2.0/lib64 ./a.out"], ["source_file", "main.f90"]]
server-1   | D, [2024-10-13T11:22:52.845939 #20] DEBUG -- :   Language Create (0.2ms)  INSERT INTO "languages" ("id", "name", "compile_cmd", "run_cmd", "source_file") VALUES ($1, $2, $3, $4, $5) RETURNING "id"  [["id", 60], ["name", "Go (1.13.5)"], ["compile_cmd", "GOCACHE=/tmp/.cache/go-build /usr/local/go-1.13.5/bin/go build %s main.go"], ["run_cmd", "./main"], ["source_file", "main.go"]]
server-1   | D, [2024-10-13T11:22:52.846949 #20] DEBUG -- :   Language Create (0.2ms)  INSERT INTO "languages" ("id", "name", "compile_cmd", "run_cmd", "source_file") VALUES ($1, $2, $3, $4, $5) RETURNING "id"  [["id", 61], ["name", "Haskell (GHC 8.8.1)"], ["compile_cmd", "/usr/local/ghc-8.8.1/bin/ghc %s main.hs"], ["run_cmd", "./main"], ["source_file", "main.hs"]]
server-1   | D, [2024-10-13T11:22:52.848005 #20] DEBUG -- :   Language Create (0.2ms)  INSERT INTO "languages" ("id", "name", "compile_cmd", "run_cmd", "source_file") VALUES ($1, $2, $3, $4, $5) RETURNING "id"  [["id", 62], ["name", "Java (OpenJDK 13.0.1)"], ["compile_cmd", "/usr/local/openjdk13/bin/javac %s Main.java"], ["run_cmd", "/usr/local/openjdk13/bin/java Main"], ["source_file", "Main.java"]]
server-1   | D, [2024-10-13T11:22:52.849033 #20] DEBUG -- :   Language Create (0.2ms)  INSERT INTO "languages" ("id", "name", "run_cmd", "source_file") VALUES ($1, $2, $3, $4) RETURNING "id"  [["id", 63], ["name", "JavaScript (Node.js 12.14.0)"], ["run_cmd", "/usr/local/node-12.14.0/bin/node script.js"], ["source_file", "script.js"]]
server-1   | D, [2024-10-13T11:22:52.850077 #20] DEBUG -- :   Language Create (0.2ms)  INSERT INTO "languages" ("id", "name", "compile_cmd", "run_cmd", "source_file") VALUES ($1, $2, $3, $4, $5) RETURNING "id"  [["id", 64], ["name", "Lua (5.3.5)"], ["compile_cmd", "/usr/local/lua-5.3.5/luac53 %s script.lua"], ["run_cmd", "/usr/local/lua-5.3.5/lua53 ./luac.out"], ["source_file", "script.lua"]]
server-1   | D, [2024-10-13T11:22:52.851166 #20] DEBUG -- :   Language Create (0.2ms)  INSERT INTO "languages" ("id", "name", "compile_cmd", "run_cmd", "source_file") VALUES ($1, $2, $3, $4, $5) RETURNING "id"  [["id", 65], ["name", "OCaml (4.09.0)"], ["compile_cmd", "/usr/local/ocaml-4.09.0/bin/ocamlc %s main.ml"], ["run_cmd", "./a.out"], ["source_file", "main.ml"]]
server-1   | D, [2024-10-13T11:22:52.852224 #20] DEBUG -- :   Language Create (0.2ms)  INSERT INTO "languages" ("id", "name", "run_cmd", "source_file") VALUES ($1, $2, $3, $4) RETURNING "id"  [["id", 66], ["name", "Octave (5.1.0)"], ["run_cmd", "/usr/local/octave-5.1.0/bin/octave-cli -q --no-gui --no-history script.m"], ["source_file", "script.m"]]
server-1   | D, [2024-10-13T11:22:52.853251 #20] DEBUG -- :   Language Create (0.2ms)  INSERT INTO "languages" ("id", "name", "compile_cmd", "run_cmd", "source_file") VALUES ($1, $2, $3, $4, $5) RETURNING "id"  [["id", 67], ["name", "Pascal (FPC 3.0.4)"], ["compile_cmd", "/usr/local/fpc-3.0.4/bin/fpc %s main.pas"], ["run_cmd", "./main"], ["source_file", "main.pas"]]
server-1   | D, [2024-10-13T11:22:52.854381 #20] DEBUG -- :   Language Create (0.2ms)  INSERT INTO "languages" ("id", "name", "run_cmd", "source_file") VALUES ($1, $2, $3, $4) RETURNING "id"  [["id", 68], ["name", "PHP (7.4.1)"], ["run_cmd", "/usr/local/php-7.4.1/bin/php script.php"], ["source_file", "script.php"]]
server-1   | D, [2024-10-13T11:22:52.855387 #20] DEBUG -- :   Language Create (0.2ms)  INSERT INTO "languages" ("id", "name", "compile_cmd", "run_cmd", "source_file") VALUES ($1, $2, $3, $4, $5) RETURNING "id"  [["id", 69], ["name", "Prolog (GNU Prolog 1.4.5)"], ["compile_cmd", "PATH=\"/usr/local/gprolog-1.4.5/gprolog-1.4.5/bin:$PATH\" /usr/local/gprolog-1.4.5/gprolog-1.4.5/bin/gplc --no-top-level %s main.pro"], ["run_cmd", "./main"], ["source_file", "main.pro"]]
server-1   | D, [2024-10-13T11:22:52.856456 #20] DEBUG -- :   Language Create (0.2ms)  INSERT INTO "languages" ("id", "name", "run_cmd", "source_file") VALUES ($1, $2, $3, $4) RETURNING "id"  [["id", 70], ["name", "Python (2.7.17)"], ["run_cmd", "/usr/local/python-2.7.17/bin/python2 script.py"], ["source_file", "script.py"]]
server-1   | D, [2024-10-13T11:22:52.857729 #20] DEBUG -- :   Language Create (0.2ms)  INSERT INTO "languages" ("id", "name", "run_cmd", "source_file") VALUES ($1, $2, $3, $4) RETURNING "id"  [["id", 71], ["name", "Python (3.8.1)"], ["run_cmd", "/usr/local/python-3.8.1/bin/python3 script.py"], ["source_file", "script.py"]]
server-1   | D, [2024-10-13T11:22:52.858979 #20] DEBUG -- :   Language Create (0.2ms)  INSERT INTO "languages" ("id", "name", "run_cmd", "source_file") VALUES ($1, $2, $3, $4) RETURNING "id"  [["id", 72], ["name", "Ruby (2.7.0)"], ["run_cmd", "/usr/local/ruby-2.7.0/bin/ruby script.rb"], ["source_file", "script.rb"]]
server-1   | D, [2024-10-13T11:22:52.860097 #20] DEBUG -- :   Language Create (0.4ms)  INSERT INTO "languages" ("id", "name", "compile_cmd", "run_cmd", "source_file") VALUES ($1, $2, $3, $4, $5) RETURNING "id"  [["id", 73], ["name", "Rust (1.40.0)"], ["compile_cmd", "/usr/local/rust-1.40.0/bin/rustc %s main.rs"], ["run_cmd", "./main"], ["source_file", "main.rs"]]
server-1   | D, [2024-10-13T11:22:52.861187 #20] DEBUG -- :   Language Create (0.2ms)  INSERT INTO "languages" ("id", "name", "compile_cmd", "run_cmd", "source_file") VALUES ($1, $2, $3, $4, $5) RETURNING "id"  [["id", 74], ["name", "TypeScript (3.7.4)"], ["compile_cmd", "/usr/bin/tsc %s script.ts"], ["run_cmd", "/usr/local/node-12.14.0/bin/node script.js"], ["source_file", "script.ts"]]
server-1   | D, [2024-10-13T11:22:52.862440 #20] DEBUG -- :   Language Create (0.2ms)  INSERT INTO "languages" ("id", "name", "compile_cmd", "run_cmd", "source_file") VALUES ($1, $2, $3, $4, $5) RETURNING "id"  [["id", 75], ["name", "C (Clang 7.0.1)"], ["compile_cmd", "/usr/bin/clang-7 %s main.c"], ["run_cmd", "./a.out"], ["source_file", "main.c"]]
server-1   | D, [2024-10-13T11:22:52.863468 #20] DEBUG -- :   Language Create (0.2ms)  INSERT INTO "languages" ("id", "name", "compile_cmd", "run_cmd", "source_file") VALUES ($1, $2, $3, $4, $5) RETURNING "id"  [["id", 76], ["name", "C++ (Clang 7.0.1)"], ["compile_cmd", "/usr/bin/clang++-7 %s main.cpp"], ["run_cmd", "./a.out"], ["source_file", "main.cpp"]]
server-1   | D, [2024-10-13T11:22:52.864450 #20] DEBUG -- :   Language Create (0.2ms)  INSERT INTO "languages" ("id", "name", "compile_cmd", "run_cmd", "source_file") VALUES ($1, $2, $3, $4, $5) RETURNING "id"  [["id", 77], ["name", "COBOL (GnuCOBOL 2.2)"], ["compile_cmd", "/usr/local/gnucobol-2.2/bin/cobc -free -x %s main.cob"], ["run_cmd", "LD_LIBRARY_PATH=/usr/local/gnucobol-2.2/lib ./main"], ["source_file", "main.cob"]]
server-1   | D, [2024-10-13T11:22:52.865423 #20] DEBUG -- :   Language Create (0.2ms)  INSERT INTO "languages" ("id", "name", "compile_cmd", "run_cmd", "source_file") VALUES ($1, $2, $3, $4, $5) RETURNING "id"  [["id", 78], ["name", "Kotlin (1.3.70)"], ["compile_cmd", "/usr/local/kotlin-1.3.70/bin/kotlinc %s Main.kt"], ["run_cmd", "/usr/local/kotlin-1.3.70/bin/kotlin MainKt"], ["source_file", "Main.kt"]]
server-1   | D, [2024-10-13T11:22:52.866456 #20] DEBUG -- :   Language Create (0.2ms)  INSERT INTO "languages" ("id", "name", "compile_cmd", "run_cmd", "source_file") VALUES ($1, $2, $3, $4, $5) RETURNING "id"  [["id", 79], ["name", "Objective-C (Clang 7.0.1)"], ["compile_cmd", "/usr/bin/clang-7 `gnustep-config --objc-flags | sed 's/-W[^ ]* //g'` `gnustep-config --base-libs | sed 's/-shared-libgcc//'` -I/usr/lib/gcc/x86_64-linux-gnu/8/include main.m %s"], ["run_cmd", "./a.out"], ["source_file", "main.m"]]
server-1   | D, [2024-10-13T11:22:52.867376 #20] DEBUG -- :   Language Create (0.2ms)  INSERT INTO "languages" ("id", "name", "run_cmd", "source_file") VALUES ($1, $2, $3, $4) RETURNING "id"  [["id", 80], ["name", "R (4.0.0)"], ["run_cmd", "/usr/local/r-4.0.0/bin/Rscript script.r"], ["source_file", "script.r"]]
server-1   | D, [2024-10-13T11:22:52.868287 #20] DEBUG -- :   Language Create (0.2ms)  INSERT INTO "languages" ("id", "name", "compile_cmd", "run_cmd", "source_file") VALUES ($1, $2, $3, $4, $5) RETURNING "id"  [["id", 81], ["name", "Scala (2.13.2)"], ["compile_cmd", "/usr/local/scala-2.13.2/bin/scalac %s Main.scala"], ["run_cmd", "/usr/local/scala-2.13.2/bin/scala Main"], ["source_file", "Main.scala"]]
server-1   | D, [2024-10-13T11:22:52.869240 #20] DEBUG -- :   Language Create (0.2ms)  INSERT INTO "languages" ("id", "name", "run_cmd", "source_file") VALUES ($1, $2, $3, $4) RETURNING "id"  [["id", 82], ["name", "SQL (SQLite 3.27.2)"], ["run_cmd", "/bin/cat script.sql | /usr/bin/sqlite3 db.sqlite"], ["source_file", "script.sql"]]
server-1   | D, [2024-10-13T11:22:52.870276 #20] DEBUG -- :   Language Create (0.2ms)  INSERT INTO "languages" ("id", "name", "compile_cmd", "run_cmd", "source_file") VALUES ($1, $2, $3, $4, $5) RETURNING "id"  [["id", 83], ["name", "Swift (5.2.3)"], ["compile_cmd", "/usr/local/swift-5.2.3/bin/swiftc %s Main.swift"], ["run_cmd", "./Main"], ["source_file", "Main.swift"]]
server-1   | D, [2024-10-13T11:22:52.874466 #20] DEBUG -- :   Language Create (2.9ms)  INSERT INTO "languages" ("id", "name", "compile_cmd", "run_cmd", "source_file") VALUES ($1, $2, $3, $4, $5) RETURNING "id"  [["id", 84], ["name", "Visual Basic.Net (vbnc 0.0.0.5943)"], ["compile_cmd", "/usr/bin/vbnc %s Main.vb"], ["run_cmd", "/usr/bin/mono Main.exe"], ["source_file", "Main.vb"]]
server-1   | D, [2024-10-13T11:22:52.876650 #20] DEBUG -- :   Language Create (0.4ms)  INSERT INTO "languages" ("id", "name", "run_cmd", "source_file") VALUES ($1, $2, $3, $4) RETURNING "id"  [["id", 85], ["name", "Perl (5.28.1)"], ["run_cmd", "/usr/bin/perl script.pl"], ["source_file", "script.pl"]]
server-1   | D, [2024-10-13T11:22:52.878263 #20] DEBUG -- :   Language Create (0.3ms)  INSERT INTO "languages" ("id", "name", "run_cmd", "source_file") VALUES ($1, $2, $3, $4) RETURNING "id"  [["id", 86], ["name", "Clojure (1.10.1)"], ["run_cmd", "/usr/local/bin/java -jar /usr/local/clojure-1.10.1/clojure.jar main.clj"], ["source_file", "main.clj"]]
server-1   | D, [2024-10-13T11:22:52.879589 #20] DEBUG -- :   Language Create (0.2ms)  INSERT INTO "languages" ("id", "name", "run_cmd", "source_file") VALUES ($1, $2, $3, $4) RETURNING "id"  [["id", 87], ["name", "F# (.NET Core SDK 3.1.202)"], ["run_cmd", "mkdir -p ~/.dotnet && touch ~/.dotnet/3.1.202.dotnetFirstUseSentinel && /usr/local/dotnet-sdk/dotnet fsi script.fsx"], ["source_file", "script.fsx"]]
server-1   | D, [2024-10-13T11:22:52.880758 #20] DEBUG -- :   Language Create (0.2ms)  INSERT INTO "languages" ("id", "name", "compile_cmd", "run_cmd", "source_file") VALUES ($1, $2, $3, $4, $5) RETURNING "id"  [["id", 88], ["name", "Groovy (3.0.3)"], ["compile_cmd", "/usr/local/groovy-3.0.3/bin/groovyc %s script.groovy"], ["run_cmd", "/usr/local/bin/java -cp \".:/usr/local/groovy-3.0.3/lib/*\" script"], ["source_file", "script.groovy"]]
server-1   | D, [2024-10-13T11:22:52.881710 #20] DEBUG -- :   Language Create (0.2ms)  INSERT INTO "languages" ("id", "name") VALUES ($1, $2) RETURNING "id"  [["id", 89], ["name", "Multi-file program"]]
server-1   | D, [2024-10-13T11:22:52.882675 #20] DEBUG -- :   Language Create (0.2ms)  INSERT INTO "languages" ("id", "name", "run_cmd", "source_file") VALUES ($1, $2, $3, $4) RETURNING "id"  [["id", 90], ["name", "TypeScript (5.6.3)"], ["run_cmd", "/usr/local/bin/ts-5.6.3/typescript/node_modules/.bin/tsx --tsconfig /opt/typescript/tsconfig.json script.ts"], ["source_file", "script.ts"]]
server-1   | D, [2024-10-13T11:22:52.884216 #20] DEBUG -- :    (1.0ms)  COMMIT
workers-1  | resque-scheduler: [INFO] 2024-10-13T11:22:53+00:00: Starting
workers-1  | resque-scheduler: [INFO] 2024-10-13T11:22:53+00:00: Master scheduler
workers-1  | resque-scheduler: [INFO] 2024-10-13T11:22:53+00:00: Reloading Schedule
workers-1  | resque-scheduler: [INFO] 2024-10-13T11:22:53+00:00: Loading Schedule
workers-1  | resque-scheduler: [INFO] 2024-10-13T11:22:53+00:00: Schedule empty! Set Resque.schedule
workers-1  | resque-scheduler: [INFO] 2024-10-13T11:22:53+00:00: Schedules Loaded
server-1   | => Booting Puma
server-1   | => Rails 5.2.4.3 application starting in production
server-1   | => Run `rails server -h` for more startup options
server-1   | [31] Puma starting in cluster mode...
server-1   | [31] * Version 4.3.5 (ruby 2.7.0-p0), codename: Mysterious Traveller
server-1   | [31] * Min threads: 4, max threads: 4
server-1   | [31] * Environment: production
server-1   | [31] * Process workers: 2
server-1   | [31] * Phased restart available
server-1   | [31] * Listening on tcp://0.0.0.0:2358
server-1   | [31] Use Ctrl-C to stop
server-1   | [31] - Worker 0 (pid: 42) booted, phase: 0
server-1   | [31] - Worker 1 (pid: 53) booted, phase: 0
server-1   | I, [2024-10-13T11:23:19.142959 #53]  INFO -- : [37ae8d09-8d6e-4210-afb0-6b63afabd522] Started POST "/submissions?wait=true" for 90.55.91.19 at 2024-10-13 11:23:19 +0000
server-1   | I, [2024-10-13T11:23:19.164174 #53]  INFO -- : [37ae8d09-8d6e-4210-afb0-6b63afabd522] Processing by SubmissionsController#create as */*
server-1   | I, [2024-10-13T11:23:19.164270 #53]  INFO -- : [37ae8d09-8d6e-4210-afb0-6b63afabd522]   Parameters: {"source_code"=>"console.log(\"hello\")", "language_id"=>90, "wait"=>"true", "submission"=>{"source_code"=>"console.log(\"hello\")", "language_id"=>90}}
server-1   | D, [2024-10-13T11:23:19.215771 #53] DEBUG -- : [37ae8d09-8d6e-4210-afb0-6b63afabd522]    (0.4ms)  BEGIN
server-1   | D, [2024-10-13T11:23:19.224694 #53] DEBUG -- : [37ae8d09-8d6e-4210-afb0-6b63afabd522]   Language Load (0.9ms)  SELECT  "languages".* FROM "languages" WHERE "languages"."id" = $1 LIMIT $2  [["id", 90], ["LIMIT", 1]]
server-1   | D, [2024-10-13T11:23:19.233776 #53] DEBUG -- : [37ae8d09-8d6e-4210-afb0-6b63afabd522]   Submission Exists (1.0ms)  SELECT  1 AS one FROM "submissions" WHERE "submissions"."token" = $1 LIMIT $2  [["token", "afe01bca-8a75-4d00-807b-9dc81a017278"], ["LIMIT", 1]]
server-1   | D, [2024-10-13T11:23:19.236933 #53] DEBUG -- : [37ae8d09-8d6e-4210-afb0-6b63afabd522]   Submission Create (0.7ms)  INSERT INTO "submissions" ("source_code", "language_id", "status_id", "created_at", "token", "number_of_runs", "cpu_time_limit", "cpu_extra_time", "wall_time_limit", "memory_limit", "stack_limit", "max_processes_and_or_threads", "enable_per_process_and_thread_time_limit", "enable_per_process_and_thread_memory_limit", "max_file_size", "redirect_stderr_to_stdout", "enable_network") VALUES ($1, $2, $3, $4, $5, $6, $7, $8, $9, $10, $11, $12, $13, $14, $15, $16, $17) RETURNING "id"  [["source_code", "Y29uc29sZS5sb2coImhlbGxvIik=\n"], ["language_id", 90], ["status_id", 1], ["created_at", "2024-10-13 11:23:19.231716"], ["token", "afe01bca-8a75-4d00-807b-9dc81a017278"], ["number_of_runs", 1], ["cpu_time_limit", "5.0"], ["cpu_extra_time", "1.0"], ["wall_time_limit", "10.0"], ["memory_limit", 128000], ["stack_limit", 64000], ["max_processes_and_or_threads", 60], ["enable_per_process_and_thread_time_limit", false], ["enable_per_process_and_thread_memory_limit", false], ["max_file_size", 1024], ["redirect_stderr_to_stdout", false], ["enable_network", false]]
server-1   | D, [2024-10-13T11:23:19.239044 #53] DEBUG -- : [37ae8d09-8d6e-4210-afb0-6b63afabd522]    (1.7ms)  COMMIT
server-1   | I, [2024-10-13T11:23:19.239647 #53]  INFO -- : [37ae8d09-8d6e-4210-afb0-6b63afabd522] [ActiveJob] [IsolateJob] [357df0ce-d90d-441a-891b-27fb5216c4d8] Performing IsolateJob (Job ID: 357df0ce-d90d-441a-891b-27fb5216c4d8) from Resque(1.13.1) with arguments: 7
server-1   | D, [2024-10-13T11:23:19.242247 #53] DEBUG -- : [37ae8d09-8d6e-4210-afb0-6b63afabd522] [ActiveJob] [IsolateJob] [357df0ce-d90d-441a-891b-27fb5216c4d8]   Submission Load (0.7ms)  SELECT  "submissions".* FROM "submissions" WHERE "submissions"."id" = $1 ORDER BY "submissions"."created_at" DESC LIMIT $2  [["id", 7], ["LIMIT", 1]]
server-1   | D, [2024-10-13T11:23:19.243438 #53] DEBUG -- : [37ae8d09-8d6e-4210-afb0-6b63afabd522] [ActiveJob] [IsolateJob] [357df0ce-d90d-441a-891b-27fb5216c4d8]    (0.3ms)  BEGIN
server-1   | D, [2024-10-13T11:23:19.244789 #53] DEBUG -- : [37ae8d09-8d6e-4210-afb0-6b63afabd522] [ActiveJob] [IsolateJob] [357df0ce-d90d-441a-891b-27fb5216c4d8]   Language Load (0.3ms)  SELECT  "languages".* FROM "languages" WHERE "languages"."id" = $1 LIMIT $2  [["id", 90], ["LIMIT", 1]]
server-1   | D, [2024-10-13T11:23:19.246359 #53] DEBUG -- : [37ae8d09-8d6e-4210-afb0-6b63afabd522] [ActiveJob] [IsolateJob] [357df0ce-d90d-441a-891b-27fb5216c4d8]   Submission Update (0.4ms)  UPDATE "submissions" SET "status_id" = $1 WHERE "submissions"."id" = $2  [["status_id", 2], ["id", 7]]
server-1   | D, [2024-10-13T11:23:19.248549 #53] DEBUG -- : [37ae8d09-8d6e-4210-afb0-6b63afabd522] [ActiveJob] [IsolateJob] [357df0ce-d90d-441a-891b-27fb5216c4d8]    (1.8ms)  COMMIT
server-1   | [2024-10-13T11:23:19+00:00] Running submission afe01bca-8a75-4d00-807b-9dc81a017278 (7):
server-1   | isolate --cg -s -b 7 -M /var/local/lib/isolate/7/metadata.txt -t 5.0 -x 1.0 -w 10.0 -k 64000 -p60 --cg-timing --cg-mem=128000 -f 1024 -E HOME=/tmp -E PATH="/usr/local/sbin:/usr/local/bin:/usr/sbin:/usr/bin:/sbin:/bin" -E LANG -E LANGUAGE -E LC_ALL -E JUDGE0_HOMEPAGE -E JUDGE0_SOURCE_CODE -E JUDGE0_MAINTAINER -E JUDGE0_VERSION -d /etc:noexec --run -- /bin/bash run < /var/local/lib/isolate/7/stdin.txt > /var/local/lib/isolate/7/stdout.txt 2> /var/local/lib/isolate/7/stderr.txt
server-1   |
server-1   | D, [2024-10-13T11:23:19.413626 #53] DEBUG -- : [37ae8d09-8d6e-4210-afb0-6b63afabd522] [ActiveJob] [IsolateJob] [357df0ce-d90d-441a-891b-27fb5216c4d8]    (0.3ms)  BEGIN
server-1   | D, [2024-10-13T11:23:19.416397 #53] DEBUG -- : [37ae8d09-8d6e-4210-afb0-6b63afabd522] [ActiveJob] [IsolateJob] [357df0ce-d90d-441a-891b-27fb5216c4d8]   Submission Update (0.6ms)  UPDATE "submissions" SET "status_id" = $1, "finished_at" = $2, "time" = $3, "memory" = $4, "stderr" = $5, "exit_code" = $6, "message" = $7, "wall_time" = $8 WHERE "submissions"."id" = $9  [["status_id", 11], ["finished_at", "2024-10-13 11:23:19.354930"], ["time", "0.005"], ["memory", 856], ["stderr", "cnVuOiBsaW5lIDE6IC91c3IvbG9jYWwvYmluL3RzLTUuNi4zL3R5cGVzY3Jp\ncHQvbm9kZV9tb2R1bGVzLy5iaW4vdHN4OiBObyBzdWNoIGZpbGUgb3IgZGly\nZWN0b3J5Cg==\n"], ["exit_code", 127], ["message", "Exited with error status 127"], ["wall_time", "0.018"], ["id", 7]]
server-1   | D, [2024-10-13T11:23:19.417570 #53] DEBUG -- : [37ae8d09-8d6e-4210-afb0-6b63afabd522] [ActiveJob] [IsolateJob] [357df0ce-d90d-441a-891b-27fb5216c4d8]    (0.9ms)  COMMIT
server-1   | I, [2024-10-13T11:23:19.417694 #53]  INFO -- : [37ae8d09-8d6e-4210-afb0-6b63afabd522] [ActiveJob] [IsolateJob] [357df0ce-d90d-441a-891b-27fb5216c4d8] Performed IsolateJob (Job ID: 357df0ce-d90d-441a-891b-27fb5216c4d8) from Resque(1.13.1) in 177.87ms
server-1   | D, [2024-10-13T11:23:19.419218 #53] DEBUG -- : [37ae8d09-8d6e-4210-afb0-6b63afabd522]   Submission Load (0.5ms)  SELECT  "submissions".* FROM "submissions" WHERE "submissions"."id" = $1 LIMIT $2  [["id", 7], ["LIMIT", 1]]
server-1   | I, [2024-10-13T11:23:19.425493 #53]  INFO -- : [37ae8d09-8d6e-4210-afb0-6b63afabd522] [active_model_serializers] Rendered SubmissionSerializer with ActiveModelSerializers::Adapter::Attributes (4.63ms)
server-1   | I, [2024-10-13T11:23:19.425898 #53]  INFO -- : [37ae8d09-8d6e-4210-afb0-6b63afabd522] Completed 201 Created in 262ms (Views: 6.1ms | ActiveRecord: 21.8ms)








server-1   | [2024-10-13T11:27:11+00:00] Running submission e55cd0f7-3fa2-4845-bc4a-57df080a19bb (8):
server-1   | isolate --cg -s -b 8 -M /var/local/lib/isolate/8/metadata.txt -t 5.0 -x 1.0 -w 10.0 -k 64000 -p60 --cg-timing --cg-mem=128000 -f 1024 -E HOME=/tmp -E PATH="/usr/local/sbin:/usr/local/bin:/usr/sbin:/usr/bin:/sbin:/bin" -E LANG -E LANGUAGE -E LC_ALL -E JUDGE0_HOMEPAGE -E JUDGE0_SOURCE_CODE -E JUDGE0_MAINTAINER -E JUDGE0_VERSION -d /etc:noexec --run -- /bin/bash run < /var/local/lib/isolate/8/stdin.txt > /var/local/lib/isolate/8/stdout.txt 2> /var/local/lib/isolate/8/stderr.txt
server-1   |
server-1   | D, [2024-10-13T11:27:11.205706 #42] DEBUG -- : [dfac3040-e417-4c2c-bbb0-a940e8afae42] [ActiveJob] [IsolateJob] [04f9f4d2-bf6f-4cd9-b965-2541df34a837]    (0.3ms)  BEGIN
server-1   | D, [2024-10-13T11:27:11.207757 #42] DEBUG -- : [dfac3040-e417-4c2c-bbb0-a940e8afae42] [ActiveJob] [IsolateJob] [04f9f4d2-bf6f-4cd9-b965-2541df34a837]   Submission Update (0.5ms)  UPDATE "submissions" SET "status_id" = $1, "stdout" = $2, "finished_at" = $3, "time" = $4, "memory" = $5, "exit_code" = $6, "wall_time" = $7 WHERE "submissions"."id" = $8  [["status_id", 3], ["stdout", "aGVsbG8K\n"], ["finished_at", "2024-10-13 11:27:11.149530"], ["time", "0.039"], ["memory", 7108], ["exit_code", 0], ["wall_time", "0.051"], ["id", 8]]
server-1   | D, [2024-10-13T11:27:11.209271 #42] DEBUG -- : [dfac3040-e417-4c2c-bbb0-a940e8afae42] [ActiveJob] [IsolateJob] [04f9f4d2-bf6f-4cd9-b965-2541df34a837]    (1.2ms)  COMMIT
server-1   | I, [2024-10-13T11:27:11.209694 #42]  INFO -- : [dfac3040-e417-4c2c-bbb0-a940e8afae42] [ActiveJob] [IsolateJob] [04f9f4d2-bf6f-4cd9-b965-2541df34a837] Performed IsolateJob (Job ID: 04f9f4d2-bf6f-4cd9-b965-2541df34a837) from Resque(1.13.1) in 1816.64ms
server-1   | D, [2024-10-13T11:27:11.211707 #42] DEBUG -- : [dfac3040-e417-4c2c-bbb0-a940e8afae42]   Submission Load (0.6ms)  SELECT  "submissions".* FROM "submissions" WHERE "submissions"."id" = $1 LIMIT $2  [["id", 8], ["LIMIT", 1]]
server-1   | I, [2024-10-13T11:27:11.217643 #42]  INFO -- : [dfac3040-e417-4c2c-bbb0-a940e8afae42] [active_model_serializers] Rendered SubmissionSerializer with ActiveModelSerializers::Adapter::Attributes (3.9ms)
server-1   | I, [2024-10-13T11:27:11.217993 #42]  INFO -- : [dfac3040-e417-4c2c-bbb0-a940e8afae42] Completed 201 Created in 1904ms (Views: 5.6ms | ActiveRecord: 21.5ms)
